[debug] [2021-12-02T23:49:34.002Z] ----------------------------------------------------------------------
[debug] [2021-12-02T23:49:34.008Z] Command:       /usr/bin/node /usr/local/bin/firebase login
[debug] [2021-12-02T23:49:34.010Z] CLI Version:   9.23.0
[debug] [2021-12-02T23:49:34.010Z] Platform:      linux
[debug] [2021-12-02T23:49:34.010Z] Node Version:  v10.19.0
[debug] [2021-12-02T23:49:34.010Z] Time:          Thu Dec 02 2021 23:49:34 GMT+0000 (Coordinated Universal Time)
[debug] [2021-12-02T23:49:34.011Z] ----------------------------------------------------------------------
[debug] 
[debug] [2021-12-02T23:49:34.016Z] >>> [apiv2][query] GET https://firebase-public.firebaseio.com/cli.json [none]
[info] i  Firebase optionally collects CLI usage and error reporting information to help improve our products. Data is collected in accordance with Google's privacy policy (https://policies.google.com/privacy) and is not used to identify you.
 
[debug] [2021-12-02T23:49:34.544Z] <<< [apiv2][status] GET https://firebase-public.firebaseio.com/cli.json 200
[debug] [2021-12-02T23:49:34.544Z] <<< [apiv2][body] GET https://firebase-public.firebaseio.com/cli.json {"cloudBuildErrorAfter":1594252800000,"cloudBuildWarnAfter":1590019200000,"defaultNode10After":1594252800000,"minVersion":"3.0.5","node8DeploysDisabledAfter":1613390400000,"node8RuntimeDisabledAfter":1615809600000,"node8WarnAfter":1600128000000}
[info] i  To change your data collection preference at any time, run `firebase logout` and log in again. 
[info] 
[info] Visit this URL on this device to log in:
[info] https://accounts.google.com/o/oauth2/auth?client_id=563584335869-fgrhgmd47bqnekij5i8b5pr03ho849e6.apps.googleusercontent.com&scope=email%20openid%20https%3A%2F%2Fwww.googleapis.com%2Fauth%2Fcloudplatformprojects.readonly%20https%3A%2F%2Fwww.googleapis.com%2Fauth%2Ffirebase%20https%3A%2F%2Fwww.googleapis.com%2Fauth%2Fcloud-platform&response_type=code&state=56887223&redirect_uri=http%3A%2F%2Flocalhost%3A9005
[info] 
[info] Waiting for authentication...
[debug] [2021-12-03T00:00:06.519Z] ----------------------------------------------------------------------
[debug] [2021-12-03T00:00:06.526Z] Command:       /usr/bin/node /usr/local/bin/firebase login
[debug] [2021-12-03T00:00:06.527Z] CLI Version:   9.23.0
[debug] [2021-12-03T00:00:06.527Z] Platform:      linux
[debug] [2021-12-03T00:00:06.528Z] Node Version:  v10.19.0
[debug] [2021-12-03T00:00:06.528Z] Time:          Fri Dec 03 2021 00:00:06 GMT+0000 (Coordinated Universal Time)
[debug] [2021-12-03T00:00:06.528Z] ----------------------------------------------------------------------
[debug] 
[info] i  Firebase optionally collects CLI usage and error reporting information to help improve our products. Data is collected in accordance with Google's privacy policy (https://policies.google.com/privacy) and is not used to identify you.
 
[info] 
[info] Visit this URL on this device to log in:
[info] https://accounts.google.com/o/oauth2/auth?client_id=563584335869-fgrhgmd47bqnekij5i8b5pr03ho849e6.apps.googleusercontent.com&scope=email%20openid%20https%3A%2F%2Fwww.googleapis.com%2Fauth%2Fcloudplatformprojects.readonly%20https%3A%2F%2Fwww.googleapis.com%2Fauth%2Ffirebase%20https%3A%2F%2Fwww.googleapis.com%2Fauth%2Fcloud-platform&response_type=code&state=376082353&redirect_uri=http%3A%2F%2Flocalhost%3A9005
[info] 
[info] Waiting for authentication...
